<?xml version="1.0" encoding="UTF-8"?>
<testng-results skipped="0" failed="0" ignored="0" total="1" passed="1">
  <reporter-output>
  </reporter-output>
  <suite name="TestNg Suite" duration-ms="19451" started-at="2020-07-05T23:56:20 IST" finished-at="2020-07-05T23:56:40 IST">
    <groups>
    </groups>
    <test name="Demo Shop Tests" duration-ms="19451" started-at="2020-07-05T23:56:20 IST" finished-at="2020-07-05T23:56:40 IST">
      <class name="com.demowebshop.testscripts.Register">
        <test-method status="PASS" signature="setup()[pri:0, instance:com.demowebshop.testscripts.Register@3cb1ffe6]" name="setup" is-config="true" duration-ms="14227" started-at="2020-07-05T23:56:20 IST" finished-at="2020-07-05T23:56:35 IST">
          <reporter-output>
          </reporter-output>
        </test-method> <!-- setup -->
        <test-method status="PASS" signature="VerifyDemowebShopRegisterWithValidData()[pri:0, instance:com.demowebshop.testscripts.Register@3cb1ffe6]" name="VerifyDemowebShopRegisterWithValidData" duration-ms="3882" started-at="2020-07-05T23:56:35 IST" finished-at="2020-07-05T23:56:38 IST">
          <reporter-output>
          </reporter-output>
        </test-method> <!-- VerifyDemowebShopRegisterWithValidData -->
        <test-method status="PASS" signature="closeBrowser()[pri:0, instance:com.demowebshop.testscripts.Register@3cb1ffe6]" name="closeBrowser" is-config="true" duration-ms="1269" started-at="2020-07-05T23:56:38 IST" finished-at="2020-07-05T23:56:40 IST">
          <reporter-output>
          </reporter-output>
        </test-method> <!-- closeBrowser -->
      </class> <!-- com.demowebshop.testscripts.Register -->
    </test> <!-- Demo Shop Tests -->
  </suite> <!-- TestNg Suite -->
</testng-results>
